<?xml version="1.0" encoding="UTF-8"?>
<testsuite xmlns:xsi="http://www.w3.org/2001/XMLSchema-instance" xsi:noNamespaceSchemaLocation="https://maven.apache.org/surefire/maven-surefire-plugin/xsd/surefire-test-report-3.0.xsd" version="3.0" name="TestSuite" time="9.435" tests="5" errors="0" skipped="0" failures="0">
  <properties>
[...]
</properties>
  <testcase name="runScenario[&quot;User manages books&quot;, &quot;Book store management&quot;](1)" classname="Runner.TestNGRunner" time="3.669">
    <system-out><![CDATA[>>> WireMock listening on port: 56193

Scenario: User manages books         &amp#27;[90m# src/test/resources/features/BookStoreManagement.feature:3&amp#27;[0m
Request method:	POST
Request URI:	http://localhost:56193/signup
Proxy:			<none>
Request params:	<none>
Query params:	<none>
Form params:	<none>
Path params:	<none>
Headers:		Accept=*/*
				Content-Type=application/json
Cookies:		<none>
Multiparts:		<none>
Body:
{
    "email": "RI36DAX4@mail.com",
    "password": "GPTSDIW1"
}
HTTP/1.1 201 Created
Content-Type: application/json
Matched-Stub-Id: 035d0972-5752-4105-884f-fdaadce5e335
Vary: Accept-Encoding, User-Agent
Content-Encoding: gzip
Transfer-Encoding: chunked

{
    "userId": "12345"
}
Request method:	POST
Request URI:	http://localhost:56193/login
Proxy:			<none>
Request params:	<none>
Query params:	<none>
Form params:	<none>
Path params:	<none>
Headers:		Accept=*/*
				Content-Type=application/json
Cookies:		<none>
Multiparts:		<none>
Body:
{
    "email": "RI36DAX4@mail.com",
    "password": "GPTSDIW1"
}
HTTP/1.1 200 OK
Content-Type: application/json
Matched-Stub-Id: 3374c153-8109-49f7-bed9-4f888e8b27ad
Vary: Accept-Encoding, User-Agent
Content-Encoding: gzip
Transfer-Encoding: chunked

{
    "token": "fake-jwt-token"
}
  &amp#27;[32mGiven &amp#27;[0m&amp#27;[32muser is logged in&amp#27;[0m            &amp#27;[90m# Steps.UserFlowSteps.userLoggedIn()&amp#27;[0m
Request method:	POST
Request URI:	http://localhost:56193/books/
Proxy:			<none>
Request params:	<none>
Query params:	<none>
Form params:	<none>
Path params:	<none>
Headers:		Authorization=Bearer fake-jwt-token
				Accept=*/*
				Content-Type=application/json
Cookies:		<none>
Multiparts:		<none>
Body:
{
    "author": "John Doe",
    "isbn": "9781449325862",
    "title": "Learn API Testing",
    "userId": "12345"
}
HTTP/1.1 201 Created
Content-Type: application/json
Matched-Stub-Id: 2485bb97-079a-4877-8d19-8c76783e8555
Vary: Accept-Encoding, User-Agent
Content-Encoding: gzip
Transfer-Encoding: chunked

{
    "bookId": "abcd-1234-efgh-5678"
}
  &amp#27;[32mWhen &amp#27;[0m&amp#27;[32muser creates a new book&amp#27;[0m       &amp#27;[90m# Steps.UserFlowSteps.createBook()&amp#27;[0m
  &amp#27;[32mThen &amp#27;[0m&amp#27;[32mbookId is returned&amp#27;[0m            &amp#27;[90m# Steps.UserFlowSteps.bookIdReturned()&amp#27;[0m
Request method:	GET
Request URI:	http://localhost:56193/books/abcd-1234-efgh-5678
Proxy:			<none>
Request params:	<none>
Query params:	<none>
Form params:	<none>
Path params:	<none>
Headers:		Authorization=Bearer fake-jwt-token
				Accept=application/json, application/javascript, text/javascript, text/json
Cookies:		<none>
Multiparts:		<none>
Body:			<none>
HTTP/1.1 200 OK
Content-Type: application/json
Matched-Stub-Id: 32dc5639-c7c1-4149-9db7-a718dc791ea9
Vary: Accept-Encoding, User-Agent
Content-Encoding: gzip
Transfer-Encoding: chunked

{
    "bookId": "abcd-1234-efgh-5678",
    "userId": "12345",
    "isbn": "9781449325862",
    "title": "Learn API Testing",
    "author": "John Doe"
}
  &amp#27;[32mWhen &amp#27;[0m&amp#27;[32muser retrieves the book by id&amp#27;[0m &amp#27;[90m# Steps.UserFlowSteps.getBook()&amp#27;[0m
  &amp#27;[32mThen &amp#27;[0m&amp#27;[32mbook details are returned&amp#27;[0m     &amp#27;[90m# Steps.UserFlowSteps.bookDetailsReturned()&amp#27;[0m
Request method:	DELETE
Request URI:	http://localhost:56193/books/abcd-1234-efgh-5678
Proxy:			<none>
Request params:	<none>
Query params:	<none>
Form params:	<none>
Path params:	<none>
Headers:		Authorization=Bearer fake-jwt-token
				Accept=application/json, application/javascript, text/javascript, text/json
Cookies:		<none>
Multiparts:		<none>
Body:			<none>
HTTP/1.1 204 No Content
Content-Type: application/json
Matched-Stub-Id: 675a5e94-df0a-471d-9f97-5dc6b5e9bf8a
  &amp#27;[32mWhen &amp#27;[0m&amp#27;[32muser deletes the book by id&amp#27;[0m   &amp#27;[90m# Steps.UserFlowSteps.deleteBook()&amp#27;[0m
  &amp#27;[32mThen &amp#27;[0m&amp#27;[32mthe book is deleted&amp#27;[0m           &amp#27;[90m# Steps.UserFlowSteps.bookDeleted()&amp#27;[0m
]]></system-out>
    <system-err><![CDATA[SLF4J: Failed to load class "org.slf4j.impl.StaticLoggerBinder".
SLF4J: Defaulting to no-operation (NOP) logger implementation
SLF4J: See http://www.slf4j.org/codes.html#StaticLoggerBinder for further details.
]]></system-err>
  </testcase>
  <testcase name="runScenario[&quot;Retrieve non-existent book&quot;, &quot;Book store management&quot;](2)" classname="Runner.TestNGRunner" time="0.189">
    <system-out><![CDATA[
Scenario: Retrieve non-existent book                                 &amp#27;[90m# src/test/resources/features/BookStoreManagement.feature:12&amp#27;[0m
Request method:	POST
Request URI:	http://localhost:56193/signup
Proxy:			<none>
Request params:	<none>
Query params:	<none>
Form params:	<none>
Path params:	<none>
Headers:		Accept=*/*
				Content-Type=application/json
Cookies:		<none>
Multiparts:		<none>
Body:
{
    "email": "QO9ZZI72@mail.com",
    "password": "W2XLOI1M"
}
HTTP/1.1 201 Created
Content-Type: application/json
Matched-Stub-Id: 035d0972-5752-4105-884f-fdaadce5e335
Vary: Accept-Encoding, User-Agent
Content-Encoding: gzip
Transfer-Encoding: chunked

{
    "userId": "12345"
}
Request method:	POST
Request URI:	http://localhost:56193/login
Proxy:			<none>
Request params:	<none>
Query params:	<none>
Form params:	<none>
Path params:	<none>
Headers:		Accept=*/*
				Content-Type=application/json
Cookies:		<none>
Multiparts:		<none>
Body:
{
    "email": "QO9ZZI72@mail.com",
    "password": "W2XLOI1M"
}
HTTP/1.1 200 OK
Content-Type: application/json
Matched-Stub-Id: 3374c153-8109-49f7-bed9-4f888e8b27ad
Vary: Accept-Encoding, User-Agent
Content-Encoding: gzip
Transfer-Encoding: chunked

{
    "token": "fake-jwt-token"
}
  &amp#27;[32mGiven &amp#27;[0m&amp#27;[32muser is logged in&amp#27;[0m                                            &amp#27;[90m# Steps.UserFlowSteps.userLoggedIn()&amp#27;[0m
Request method:	GET
Request URI:	http://localhost:56193/books/404-id
Proxy:			<none>
Request params:	<none>
Query params:	<none>
Form params:	<none>
Path params:	<none>
Headers:		Authorization=Bearer fake-jwt-token
				Accept=application/json, application/javascript, text/javascript, text/json
Cookies:		<none>
Multiparts:		<none>
Body:			<none>
HTTP/1.1 404 Not Found
Content-Type: application/json
Matched-Stub-Id: 070144b2-d9d3-4931-9140-94d4a7a78fcb
Transfer-Encoding: chunked

{
    "message": "Book not found"
}
  &amp#27;[32mWhen &amp#27;[0m&amp#27;[32muser retrieves the book with id &amp#27;[0m&amp#27;[32m&amp#27;[1m"404-id"&amp#27;[0m                      &amp#27;[90m# Steps.UserFlowSteps.getBookWithId(java.lang.String)&amp#27;[0m
  &amp#27;[32mThen &amp#27;[0m&amp#27;[32mthe API should return status &amp#27;[0m&amp#27;[32m&amp#27;[1m404&amp#27;[0m&amp#27;[32m and message &amp#27;[0m&amp#27;[32m&amp#27;[1m"Book not found"&amp#27;[0m &amp#27;[90m# Steps.UserFlowSteps.verifyErrorResponse(int,java.lang.String)&amp#27;[0m
]]></system-out>
  </testcase>
  <testcase name="runScenario[&quot;User signs up and logs in&quot;, &quot;User registration and login&quot;](3)" classname="Runner.TestNGRunner" time="0.17">
    <system-out><![CDATA[
Scenario: User signs up and logs in             &amp#27;[90m# src/test/resources/features/LoginAndSignUp.feature:3&amp#27;[0m
  &amp#27;[32mGiven &amp#27;[0m&amp#27;[32mgenerate random credentials&amp#27;[0m             &amp#27;[90m# Steps.UserFlowSteps.generateCredentials()&amp#27;[0m
Request method:	POST
Request URI:	http://localhost:56193/signup
Proxy:			<none>
Request params:	<none>
Query params:	<none>
Form params:	<none>
Path params:	<none>
Headers:		Accept=*/*
				Content-Type=application/json
Cookies:		<none>
Multiparts:		<none>
Body:
{
    "email": "1Q9PWNYZ@mail.com",
    "password": "R9QOBDUW"
}
HTTP/1.1 201 Created
Content-Type: application/json
Matched-Stub-Id: 035d0972-5752-4105-884f-fdaadce5e335
Vary: Accept-Encoding, User-Agent
Content-Encoding: gzip
Transfer-Encoding: chunked

{
    "userId": "12345"
}
  &amp#27;[32mWhen &amp#27;[0m&amp#27;[32mthe user signs up with valid credentials&amp#27;[0m &amp#27;[90m# Steps.UserFlowSteps.userSignsUp()&amp#27;[0m
Request method:	POST
Request URI:	http://localhost:56193/login
Proxy:			<none>
Request params:	<none>
Query params:	<none>
Form params:	<none>
Path params:	<none>
Headers:		Accept=*/*
				Content-Type=application/json
Cookies:		<none>
Multiparts:		<none>
Body:
{
    "email": "1Q9PWNYZ@mail.com",
    "password": "R9QOBDUW"
}
HTTP/1.1 200 OK
Content-Type: application/json
Matched-Stub-Id: 3374c153-8109-49f7-bed9-4f888e8b27ad
Vary: Accept-Encoding, User-Agent
Content-Encoding: gzip
Transfer-Encoding: chunked

{
    "token": "fake-jwt-token"
}
  &amp#27;[32mAnd &amp#27;[0m&amp#27;[32mthe user logs in with valid credentials&amp#27;[0m   &amp#27;[90m# Steps.UserFlowSteps.userLogsIn()&amp#27;[0m
  &amp#27;[32mThen &amp#27;[0m&amp#27;[32mthe login token should be returned&amp#27;[0m       &amp#27;[90m# Steps.UserFlowSteps.loginTokenReturned()&amp#27;[0m
]]></system-out>
  </testcase>
  <testcase name="runScenario[&quot;Sign up with an existing email&quot;, &quot;User registration and login&quot;](4)" classname="Runner.TestNGRunner" time="0.095">
    <system-out><![CDATA[
Scenario: Sign up with an existing email                                  &amp#27;[90m# src/test/resources/features/LoginAndSignUp.feature:9&amp#27;[0m
  &amp#27;[32mGiven &amp#27;[0m&amp#27;[32mthe email &amp#27;[0m&amp#27;[32m&amp#27;[1m"EXISTING@mail.com"&amp#27;[0m&amp#27;[32m and password &amp#27;[0m&amp#27;[32m&amp#27;[1m"anypass"&amp#27;[0m              &amp#27;[90m# Steps.UserFlowSteps.setCredentials(java.lang.String,java.lang.String)&amp#27;[0m
Request method:	POST
Request URI:	http://localhost:56193/signup
Proxy:			<none>
Request params:	<none>
Query params:	<none>
Form params:	<none>
Path params:	<none>
Headers:		Accept=*/*
				Content-Type=application/json
Cookies:		<none>
Multiparts:		<none>
Body:
{
    "email": "EXISTING@mail.com",
    "password": "anypass"
}
HTTP/1.1 400 Bad Request
Content-Type: application/json
Matched-Stub-Id: ccc16c69-4030-40ee-b2f9-4269cec1bed5
Transfer-Encoding: chunked

{
    "message": "User already exists"
}
  &amp#27;[32mWhen &amp#27;[0m&amp#27;[32mthe user signs up with those credentials&amp#27;[0m                           &amp#27;[90m# Steps.UserFlowSteps.signupWithCredentials()&amp#27;[0m
  &amp#27;[32mThen &amp#27;[0m&amp#27;[32mthe API should return status &amp#27;[0m&amp#27;[32m&amp#27;[1m400&amp#27;[0m&amp#27;[32m and message &amp#27;[0m&amp#27;[32m&amp#27;[1m"User already exists"&amp#27;[0m &amp#27;[90m# Steps.UserFlowSteps.verifyErrorResponse(int,java.lang.String)&amp#27;[0m
]]></system-out>
  </testcase>
  <testcase name="runScenario[&quot;Login with wrong credentials&quot;, &quot;User registration and login&quot;](5)" classname="Runner.TestNGRunner" time="1.115">
    <system-out><![CDATA[
Scenario: Login with wrong credentials                                    &amp#27;[90m# src/test/resources/features/LoginAndSignUp.feature:14&amp#27;[0m
  &amp#27;[32mGiven &amp#27;[0m&amp#27;[32mthe email &amp#27;[0m&amp#27;[32m&amp#27;[1m"WRONG@mail.com"&amp#27;[0m&amp#27;[32m and password &amp#27;[0m&amp#27;[32m&amp#27;[1m"badpass"&amp#27;[0m                 &amp#27;[90m# Steps.UserFlowSteps.setCredentials(java.lang.String,java.lang.String)&amp#27;[0m
Request method:	POST
Request URI:	http://localhost:56193/login
Proxy:			<none>
Request params:	<none>
Query params:	<none>
Form params:	<none>
Path params:	<none>
Headers:		Accept=*/*
				Content-Type=application/json
Cookies:		<none>
Multiparts:		<none>
Body:
{
    "email": "WRONG@mail.com",
    "password": "badpass"
}
HTTP/1.1 401 Unauthorized
Content-Type: application/json
Matched-Stub-Id: 683d259a-bfbd-4867-acc6-ea81a3e10e25
Transfer-Encoding: chunked

{
    "message": "Invalid credentials"
}
  &amp#27;[32mWhen &amp#27;[0m&amp#27;[32mthe user logs in with those credentials&amp#27;[0m                            &amp#27;[90m# Steps.UserFlowSteps.loginWithCredentials()&amp#27;[0m
  &amp#27;[32mThen &amp#27;[0m&amp#27;[32mthe API should return status &amp#27;[0m&amp#27;[32m&amp#27;[1m401&amp#27;[0m&amp#27;[32m and message &amp#27;[0m&amp#27;[32m&amp#27;[1m"Invalid credentials"&amp#27;[0m &amp#27;[90m# Steps.UserFlowSteps.verifyErrorResponse(int,java.lang.String)&amp#27;[0m
]]></system-out>
  </testcase>
</testsuite>