<?xml version="1.0" encoding="UTF-8"?>
<testng-results ignored="0" total="5" passed="5" failed="0" skipped="0">
  <reporter-output>
  </reporter-output>
  <suite started-at="2025-06-11T03:06:21 IST" name="BookStoreMockExtentSuite" finished-at="2025-06-11T03:06:27 IST" duration-ms="5893">
    <groups>
      <group name="cucumber">
        <method signature="AbstractTestNGCucumberTests.runScenario(io.cucumber.testng.PickleWrapper,io.cucumber.testng.FeatureWrapper)[pri:0, instance:Runner.TestNGRunner@719d35e8]" name="runScenario" class="io.cucumber.testng.AbstractTestNGCucumberTests"/>
      </group> <!-- cucumber -->
    </groups>
    <test started-at="2025-06-11T03:06:21 IST" name="BookStore Tests" finished-at="2025-06-11T03:06:27 IST" duration-ms="5893">
      <class name="Runner.TestNGRunner">
        <test-method is-config="true" signature="setUpClass(org.testng.ITestContext)[pri:0, instance:Runner.TestNGRunner@719d35e8]" started-at="2025-06-11T03:06:21 IST" name="setUpClass" finished-at="2025-06-11T03:06:22 IST" duration-ms="707" status="PASS">
          <params>
            <param index="0">
              <value>
                <![CDATA[org.testng.TestRunner@103bcc9f]]>
              </value>
            </param>
          </params>
          <reporter-output>
          </reporter-output>
        </test-method> <!-- setUpClass -->
        <test-method signature="runScenario(io.cucumber.testng.PickleWrapper,io.cucumber.testng.FeatureWrapper)[pri:0, instance:Runner.TestNGRunner@719d35e8]" started-at="2025-06-11T03:06:22 IST" name="runScenario" description="Runs Cucumber Scenarios" data-provider="scenarios" finished-at="2025-06-11T03:06:26 IST" duration-ms="3661" status="PASS">
          <params>
            <param index="0">
              <value>
                <![CDATA["User manages books"]]>
              </value>
            </param>
            <param index="1">
              <value>
                <![CDATA["Book store management"]]>
              </value>
            </param>
          </params>
          <reporter-output>
          </reporter-output>
        </test-method> <!-- runScenario -->
        <test-method signature="runScenario(io.cucumber.testng.PickleWrapper,io.cucumber.testng.FeatureWrapper)[pri:0, instance:Runner.TestNGRunner@719d35e8]" started-at="2025-06-11T03:06:26 IST" name="runScenario" description="Runs Cucumber Scenarios" data-provider="scenarios" finished-at="2025-06-11T03:06:26 IST" duration-ms="224" status="PASS">
          <params>
            <param index="0">
              <value>
                <![CDATA["Retrieve non-existent book"]]>
              </value>
            </param>
            <param index="1">
              <value>
                <![CDATA["Book store management"]]>
              </value>
            </param>
          </params>
          <reporter-output>
          </reporter-output>
        </test-method> <!-- runScenario -->
        <test-method signature="runScenario(io.cucumber.testng.PickleWrapper,io.cucumber.testng.FeatureWrapper)[pri:0, instance:Runner.TestNGRunner@719d35e8]" started-at="2025-06-11T03:06:26 IST" name="runScenario" description="Runs Cucumber Scenarios" data-provider="scenarios" finished-at="2025-06-11T03:06:26 IST" duration-ms="186" status="PASS">
          <params>
            <param index="0">
              <value>
                <![CDATA["User signs up and logs in"]]>
              </value>
            </param>
            <param index="1">
              <value>
                <![CDATA["User registration and login"]]>
              </value>
            </param>
          </params>
          <reporter-output>
          </reporter-output>
        </test-method> <!-- runScenario -->
        <test-method signature="runScenario(io.cucumber.testng.PickleWrapper,io.cucumber.testng.FeatureWrapper)[pri:0, instance:Runner.TestNGRunner@719d35e8]" started-at="2025-06-11T03:06:26 IST" name="runScenario" description="Runs Cucumber Scenarios" data-provider="scenarios" finished-at="2025-06-11T03:06:26 IST" duration-ms="98" status="PASS">
          <params>
            <param index="0">
              <value>
                <![CDATA["Sign up with an existing email"]]>
              </value>
            </param>
            <param index="1">
              <value>
                <![CDATA["User registration and login"]]>
              </value>
            </param>
          </params>
          <reporter-output>
          </reporter-output>
        </test-method> <!-- runScenario -->
        <test-method signature="runScenario(io.cucumber.testng.PickleWrapper,io.cucumber.testng.FeatureWrapper)[pri:0, instance:Runner.TestNGRunner@719d35e8]" started-at="2025-06-11T03:06:26 IST" name="runScenario" description="Runs Cucumber Scenarios" data-provider="scenarios" finished-at="2025-06-11T03:06:26 IST" duration-ms="136" status="PASS">
          <params>
            <param index="0">
              <value>
                <![CDATA["Login with wrong credentials"]]>
              </value>
            </param>
            <param index="1">
              <value>
                <![CDATA["User registration and login"]]>
              </value>
            </param>
          </params>
          <reporter-output>
          </reporter-output>
        </test-method> <!-- runScenario -->
        <test-method is-config="true" signature="tearDownClass()[pri:0, instance:Runner.TestNGRunner@719d35e8]" started-at="2025-06-11T03:06:26 IST" name="tearDownClass" finished-at="2025-06-11T03:06:27 IST" duration-ms="797" status="PASS">
          <reporter-output>
          </reporter-output>
        </test-method> <!-- tearDownClass -->
      </class> <!-- Runner.TestNGRunner -->
    </test> <!-- BookStore Tests -->
  </suite> <!-- BookStoreMockExtentSuite -->
</testng-results>
